LINE ADDR CONTENTS SOURCE LINE
  1.              .EQU PUT_STR, $E05
  2.              .EQU PUT_NL, $E06
  3.  000 020E00  START:	LDS# $E00
  4.  001 080015  	PSH# TEXT_LENGTH
  5.  002 080024  	PSH# TEXT
  6.  003 412E05  	JSR PUT_STR
  7.  004 120002  	ADS# 2
  8.  005 412E01  	JSR $E01
  9.  006 200000  	CMA# 0
 10.  007 482021  	JEQ END
 11.  008 04202B  	STA NUM
 12.  009 00202B  LOOP:	LDA NUM
 13.  00A 1B202C  	INC COUNT
 14.  00B FFF023  	SHLA
 15.  00C 4E2014  	JOV PRINT1
 16.  00D 04202B  	STA NUM
 17.  00E 020E00  	LDS# $E00
 18.  00F 080001  	PSH# STRING_LENGTH0
 19.  010 080022  	PSH# STRING0
 20.  011 412E05  	JSR PUT_STR
 21.  012 120002  	ADS# 2
 22.  013 40201A  	JMP CHECK
 23.  014 04202B  PRINT1:	STA NUM
 24.  015 020E00  	LDS# $E00
 25.  016 080001  	PSH# STRING_LENGTH1
 26.  017 080023  	PSH# STRING1
 27.  018 412E05  	JSR PUT_STR
 28.  019 120002  	ADS# 2
 29.  01A 00202C  CHECK:	LDA COUNT
 30.  01B 200018  	CMA# 24
 31.  01C 4A2009  	JLT LOOP
 32.  01D 412E06  	JSR PUT_NL
 33.  01E 000000  	LDA# 0
 34.  01F 04202C  	STA COUNT
 35.  020 402000  	JMP START
 36.  021 FFFFFF  END:	HLT
 37.  022 302020  STRING0:	.CHAR '0', STRING_LENGTH0
 38.  023 312020  STRING1:	.CHAR '1', STRING_LENGTH1
 39.  024 456E74  TEXT:	.CHAR 'Enter number (0=quit)', TEXT_LENGTH
      025 657220
      026 6E756D
      027 626572
      028 202830
      029 3D7175
      02A 697429
 40.  02B 000000  NUM:	.WORD $000
 41.  02C 000000  COUNT:	.WORD $000
 42.              	.END

                     SYMBOL TABLE CONTENTS

00001A = CHECK           00002C = COUNT           000021 = END             
000009 = LOOP            00002B = NUM             000014 = PRINT1          
000E06 = PUT_NL          000E05 = PUT_STR         000000 = START           
000022 = STRING0         000023 = STRING1         000001 = STRING_LENGTH0  
000001 = STRING_LENGTH1  000024 = TEXT            000015 = TEXT_LENGTH     
