LINE ADDR CONTENTS SOURCE LINE
  1.  000 000017  A: .WORD 23
  2.  001 000000  COUNT: .WORD 0
  3.  002 000000  EVEN: .WORD 0
  4.  003 000FFF  PARITY: .WORD $FFF
  5.  004 000000  RESULT: .WORD $000
  6.  005 412E01  JSR $E01
  7.  006 042003  STA PARITY
  8.  007 FFF023  LOOP: SHLA
  9.  008 4E2010  JOV INCREMENT
 10.  009 1B2001  RETURN: INC COUNT
 11.  00A 042004  STA RESULT
 12.  00B 002000  LDA A
 13.  00C 202001  CMA COUNT
 14.  00D 002004  LDA RESULT
 15.  00E 4A2012  JLT CALCULATE
 16.  00F 402007  JMP LOOP
 17.  010 1B2002  INCREMENT: INC EVEN
 18.  011 402009  JMP RETURN
 19.  012 002002  CALCULATE: LDA EVEN
 20.  013 1A0002  MOD# $002
 21.  014 482018  JEQ END
 22.  015 002003  LDA PARITY
 23.  016 100800  ADA# $800
 24.  017 042003  STA PARITY
 25.  018 002003  END: LDA PARITY
 26.  019 412E00  JSR $E00
 27.  01A FFFFFF  HLT
 28.              
 29.              

                     SYMBOL TABLE CONTENTS

000000 = A               000012 = CALCULATE       000001 = COUNT           
000018 = END             000002 = EVEN            000010 = INCREMENT       
000007 = LOOP            000003 = PARITY          000004 = RESULT          
000009 = RETURN          